c:\이승호\mfc\mfcdlg\debug\vc142.pdb
c:\이승호\mfc\mfcdlg\debug\vc142.idb
c:\users\이승호\downloads\mfc\mfcdlg\debug\mfcdlg.pch
c:\users\이승호\downloads\mfc\mfcdlg\debug\vc142.pdb
c:\users\이승호\downloads\mfc\mfcdlg\debug\vc142.idb
c:\users\이승호\downloads\mfc\mfcdlg\debug\pch.obj
c:\users\이승호\downloads\mfc\mfcdlg\debug\mfcdlg.obj
c:\users\이승호\downloads\mfc\mfcdlg\debug\mfc.obj
c:\users\이승호\downloads\mfc\mfcdlg\debug\mfcdlg.res
c:\users\이승호\downloads\mfc\mfcdlg\debug\mfcdlg.pdb
c:\users\이승호\downloads\mfc\mfcdlg\debug\mfcdlg.tlog\cl.command.1.tlog
c:\users\이승호\downloads\mfc\mfcdlg\debug\mfcdlg.tlog\cl.read.1.tlog
c:\users\이승호\downloads\mfc\mfcdlg\debug\mfcdlg.tlog\cl.write.1.tlog
c:\users\이승호\downloads\mfc\mfcdlg\debug\mfcdlg.tlog\link-cvtres.read.1.tlog
c:\users\이승호\downloads\mfc\mfcdlg\debug\mfcdlg.tlog\link-cvtres.write.1.tlog
c:\users\이승호\downloads\mfc\mfcdlg\debug\mfcdlg.tlog\link-mt.read.1.tlog
c:\users\이승호\downloads\mfc\mfcdlg\debug\mfcdlg.tlog\link-mt.write.1.tlog
c:\users\이승호\downloads\mfc\mfcdlg\debug\mfcdlg.tlog\link-rc.read.1.tlog
c:\users\이승호\downloads\mfc\mfcdlg\debug\mfcdlg.tlog\link-rc.write.1.tlog
c:\users\이승호\downloads\mfc\mfcdlg\debug\mfcdlg.tlog\link.9932-cvtres.read.1.tlog
c:\users\이승호\downloads\mfc\mfcdlg\debug\mfcdlg.tlog\link.9932-cvtres.write.1.tlog
c:\users\이승호\downloads\mfc\mfcdlg\debug\mfcdlg.tlog\link.9932-mt.read.1.tlog
c:\users\이승호\downloads\mfc\mfcdlg\debug\mfcdlg.tlog\link.9932-mt.write.1.tlog
c:\users\이승호\downloads\mfc\mfcdlg\debug\mfcdlg.tlog\link.9932-rc.read.1.tlog
c:\users\이승호\downloads\mfc\mfcdlg\debug\mfcdlg.tlog\link.9932-rc.write.1.tlog
c:\users\이승호\downloads\mfc\mfcdlg\debug\mfcdlg.tlog\link.9932.read.1.tlog
c:\users\이승호\downloads\mfc\mfcdlg\debug\mfcdlg.tlog\link.9932.write.1.tlog
c:\users\이승호\downloads\mfc\mfcdlg\debug\mfcdlg.tlog\link.command.1.tlog
c:\users\이승호\downloads\mfc\mfcdlg\debug\mfcdlg.tlog\link.read.1.tlog
c:\users\이승호\downloads\mfc\mfcdlg\debug\mfcdlg.tlog\link.write.1.tlog
c:\users\이승호\downloads\mfc\mfcdlg\debug\mfcdlg.tlog\rc.command.1.tlog
c:\users\이승호\downloads\mfc\mfcdlg\debug\mfcdlg.tlog\rc.read.1.tlog
c:\users\이승호\downloads\mfc\mfcdlg\debug\mfcdlg.tlog\rc.write.1.tlog
